<?xml version="1.0" encoding="utf-8" standalone="no"?>
<test-run id="2" testcasecount="1" result="Passed" total="1" passed="1" failed="0" inconclusive="0" skipped="0" asserts="0" engine-version="3.0.5813.39036" clr-version="4.0.30319.42000" start-time="2016-07-10 18:48:46Z" end-time="2016-07-10 18:50:11Z" duration="84.337790">
  <command-line><![CDATA[D:\GitHubSource\YTSeleniumTest\ES_SeleniumSolution\ES_SeleniumTestProject\bin\Debug\tools\nunit3-console.exe  ES_SeleniumTestProject.dll]]></command-line>
  <test-suite type="Assembly" id="0-1002" name="ES_SeleniumTestProject.dll" fullname="D:\GitHubSource\YTSeleniumTest\ES_SeleniumSolution\ES_SeleniumTestProject\bin\Debug\ES_SeleniumTestProject.dll" runstate="Runnable" testcasecount="1" result="Passed" start-time="2016-07-10 18:48:46Z" end-time="2016-07-10 18:50:10Z" duration="84.239562" total="1" passed="1" failed="0" inconclusive="0" skipped="0" asserts="0">
    <environment framework-version="3.0.5813.39031" clr-version="4.0.30319.42000" os-version="Microsoft Windows NT 6.1.7601 Service Pack 1" platform="Win32NT" cwd="D:\GitHubSource\YTSeleniumTest\ES_SeleniumSolution\ES_SeleniumTestProject\bin\Debug" machine-name="LENASUS" user="а" user-domain="LENASUS" culture="ru-RU" uiculture="ru-RU" os-architecture="x64" />
    <settings>
      <setting name="WorkDirectory" value="D:\GitHubSource\YTSeleniumTest\ES_SeleniumSolution\ES_SeleniumTestProject\bin\Debug" />
      <setting name="NumberOfTestWorkers" value="4" />
    </settings>
    <properties>
      <property name="_PID" value="5268" />
      <property name="_APPDOMAIN" value="test-domain-" />
    </properties>
    <test-suite type="TestSuite" id="0-1003" name="ES_SeleniumTestProject" fullname="ES_SeleniumTestProject" runstate="Runnable" testcasecount="1" result="Passed" start-time="2016-07-10 18:48:46Z" end-time="2016-07-10 18:50:10Z" duration="84.224422" total="1" passed="1" failed="0" inconclusive="0" skipped="0" asserts="0">
      <test-suite type="TestFixture" id="0-1000" name="YouTubeTest1" fullname="ES_SeleniumTestProject.YouTubeTest1" classname="ES_SeleniumTestProject.YouTubeTest1" runstate="Runnable" testcasecount="1" result="Passed" start-time="2016-07-10 18:48:46Z" end-time="2016-07-10 18:50:10Z" duration="84.218800" total="1" passed="1" failed="0" inconclusive="0" skipped="0" asserts="0">
        <test-case id="0-1001" name="YouTubeUploadTest" fullname="ES_SeleniumTestProject.YouTubeTest1.YouTubeUploadTest" methodname="YouTubeUploadTest" classname="ES_SeleniumTestProject.YouTubeTest1" runstate="Runnable" seed="798259755" result="Passed" start-time="2016-07-10 18:48:46Z" end-time="2016-07-10 18:50:10Z" duration="84.198908" asserts="0">
          <output><![CDATA[Count = 2
]]></output>
        </test-case>
      </test-suite>
    </test-suite>
  </test-suite>
</test-run>